09-Apr-2025 13:59:47.449 信息 [main] org.apache.catalina.core.ApplicationContext.log ContextListener: contextInitialized()
09-Apr-2025 13:59:47.449 信息 [main] org.apache.catalina.core.ApplicationContext.log SessionListener: contextInitialized()
09-Apr-2025 13:59:47.451 信息 [main] org.apache.catalina.core.ApplicationContext.log ContextListener: attributeAdded('StockTicker', 'async.Stockticker@7c1e2a9e')
09-Apr-2025 14:00:35.707 信息 [main] org.apache.catalina.core.ApplicationContext.log SessionListener: contextDestroyed()
09-Apr-2025 14:00:35.707 信息 [main] org.apache.catalina.core.ApplicationContext.log ContextListener: contextDestroyed()
09-Apr-2025 14:02:11.327 信息 [main] org.apache.catalina.core.ApplicationContext.log ContextListener: contextInitialized()
09-Apr-2025 14:02:11.327 信息 [main] org.apache.catalina.core.ApplicationContext.log SessionListener: contextInitialized()
09-Apr-2025 14:02:11.328 信息 [main] org.apache.catalina.core.ApplicationContext.log ContextListener: attributeAdded('StockTicker', 'async.Stockticker@2b4bac49')
09-Apr-2025 14:11:11.616 严重 [Catalina-utility-2] org.apache.catalina.session.StoreBase.processExpires Error processing session expiration for key [ec3o]
	java.lang.NullPointerException
		at sun.reflect.annotation.AnnotationInvocationHandler.readObject(AnnotationInvocationHandler.java:452)
		at sun.reflect.NativeMethodAccessorImpl.invoke0(Native Method)
		at sun.reflect.NativeMethodAccessorImpl.invoke(NativeMethodAccessorImpl.java:62)
		at sun.reflect.DelegatingMethodAccessorImpl.invoke(DelegatingMethodAccessorImpl.java:43)
		at java.lang.reflect.Method.invoke(Method.java:498)
		at java.io.ObjectStreamClass.invokeReadObject(ObjectStreamClass.java:1184)
		at java.io.ObjectInputStream.readSerialData(ObjectInputStream.java:2322)
		at java.io.ObjectInputStream.readOrdinaryObject(ObjectInputStream.java:2213)
		at java.io.ObjectInputStream.readObject0(ObjectInputStream.java:1669)
		at java.io.ObjectInputStream.readObject(ObjectInputStream.java:503)
		at java.io.ObjectInputStream.readObject(ObjectInputStream.java:461)
		at org.apache.catalina.session.StandardSession.doReadObject(StandardSession.java:1199)
		at org.apache.catalina.session.StandardSession.readObjectData(StandardSession.java:846)
		at org.apache.catalina.session.FileStore.load(FileStore.java:203)
		at org.apache.catalina.session.StoreBase.processExpires(StoreBase.java:138)
		at org.apache.catalina.session.PersistentManagerBase.processExpires(PersistentManagerBase.java:409)
		at org.apache.catalina.session.ManagerBase.backgroundProcess(ManagerBase.java:595)
		at org.apache.catalina.core.StandardContext.backgroundProcess(StandardContext.java:4823)
		at org.apache.catalina.core.ContainerBase$ContainerBackgroundProcessor.processChildren(ContainerBase.java:1172)
		at org.apache.catalina.core.ContainerBase$ContainerBackgroundProcessor.processChildren(ContainerBase.java:1176)
		at org.apache.catalina.core.ContainerBase$ContainerBackgroundProcessor.processChildren(ContainerBase.java:1176)
		at org.apache.catalina.core.ContainerBase$ContainerBackgroundProcessor.run(ContainerBase.java:1154)
		at java.util.concurrent.Executors$RunnableAdapter.call(Executors.java:511)
		at java.util.concurrent.FutureTask.runAndReset(FutureTask.java:308)
		at java.util.concurrent.ScheduledThreadPoolExecutor$ScheduledFutureTask.access$301(ScheduledThreadPoolExecutor.java:180)
		at java.util.concurrent.ScheduledThreadPoolExecutor$ScheduledFutureTask.run(ScheduledThreadPoolExecutor.java:294)
		at java.util.concurrent.ThreadPoolExecutor.runWorker(ThreadPoolExecutor.java:1149)
		at java.util.concurrent.ThreadPoolExecutor$Worker.run(ThreadPoolExecutor.java:624)
		at org.apache.tomcat.util.threads.TaskThread$WrappingRunnable.run(TaskThread.java:63)
		at java.lang.Thread.run(Thread.java:750)
09-Apr-2025 14:12:11.637 严重 [Catalina-utility-2] org.apache.catalina.session.StoreBase.processExpires Error processing session expiration for key [ec3o]
	java.lang.NullPointerException
		at sun.reflect.annotation.AnnotationInvocationHandler.readObject(AnnotationInvocationHandler.java:452)
		at sun.reflect.NativeMethodAccessorImpl.invoke0(Native Method)
		at sun.reflect.NativeMethodAccessorImpl.invoke(NativeMethodAccessorImpl.java:62)
		at sun.reflect.DelegatingMethodAccessorImpl.invoke(DelegatingMethodAccessorImpl.java:43)
		at java.lang.reflect.Method.invoke(Method.java:498)
		at java.io.ObjectStreamClass.invokeReadObject(ObjectStreamClass.java:1184)
		at java.io.ObjectInputStream.readSerialData(ObjectInputStream.java:2322)
		at java.io.ObjectInputStream.readOrdinaryObject(ObjectInputStream.java:2213)
		at java.io.ObjectInputStream.readObject0(ObjectInputStream.java:1669)
		at java.io.ObjectInputStream.readObject(ObjectInputStream.java:503)
		at java.io.ObjectInputStream.readObject(ObjectInputStream.java:461)
		at org.apache.catalina.session.StandardSession.doReadObject(StandardSession.java:1199)
		at org.apache.catalina.session.StandardSession.readObjectData(StandardSession.java:846)
		at org.apache.catalina.session.FileStore.load(FileStore.java:203)
		at org.apache.catalina.session.StoreBase.processExpires(StoreBase.java:138)
		at org.apache.catalina.session.PersistentManagerBase.processExpires(PersistentManagerBase.java:409)
		at org.apache.catalina.session.ManagerBase.backgroundProcess(ManagerBase.java:595)
		at org.apache.catalina.core.StandardContext.backgroundProcess(StandardContext.java:4823)
		at org.apache.catalina.core.ContainerBase$ContainerBackgroundProcessor.processChildren(ContainerBase.java:1172)
		at org.apache.catalina.core.ContainerBase$ContainerBackgroundProcessor.processChildren(ContainerBase.java:1176)
		at org.apache.catalina.core.ContainerBase$ContainerBackgroundProcessor.processChildren(ContainerBase.java:1176)
		at org.apache.catalina.core.ContainerBase$ContainerBackgroundProcessor.run(ContainerBase.java:1154)
		at java.util.concurrent.Executors$RunnableAdapter.call(Executors.java:511)
		at java.util.concurrent.FutureTask.runAndReset(FutureTask.java:308)
		at java.util.concurrent.ScheduledThreadPoolExecutor$ScheduledFutureTask.access$301(ScheduledThreadPoolExecutor.java:180)
		at java.util.concurrent.ScheduledThreadPoolExecutor$ScheduledFutureTask.run(ScheduledThreadPoolExecutor.java:294)
		at java.util.concurrent.ThreadPoolExecutor.runWorker(ThreadPoolExecutor.java:1149)
		at java.util.concurrent.ThreadPoolExecutor$Worker.run(ThreadPoolExecutor.java:624)
		at org.apache.tomcat.util.threads.TaskThread$WrappingRunnable.run(TaskThread.java:63)
		at java.lang.Thread.run(Thread.java:750)
09-Apr-2025 14:13:54.760 严重 [http-nio-8081-exec-4] org.apache.catalina.core.StandardHostValve.invoke Exception Processing [/]
	java.lang.NullPointerException
		at sun.reflect.annotation.AnnotationInvocationHandler.readObject(AnnotationInvocationHandler.java:452)
		at sun.reflect.NativeMethodAccessorImpl.invoke0(Native Method)
		at sun.reflect.NativeMethodAccessorImpl.invoke(NativeMethodAccessorImpl.java:62)
		at sun.reflect.DelegatingMethodAccessorImpl.invoke(DelegatingMethodAccessorImpl.java:43)
		at java.lang.reflect.Method.invoke(Method.java:498)
		at java.io.ObjectStreamClass.invokeReadObject(ObjectStreamClass.java:1184)
		at java.io.ObjectInputStream.readSerialData(ObjectInputStream.java:2322)
		at java.io.ObjectInputStream.readOrdinaryObject(ObjectInputStream.java:2213)
		at java.io.ObjectInputStream.readObject0(ObjectInputStream.java:1669)
		at java.io.ObjectInputStream.readObject(ObjectInputStream.java:503)
		at java.io.ObjectInputStream.readObject(ObjectInputStream.java:461)
		at org.apache.catalina.session.StandardSession.doReadObject(StandardSession.java:1199)
		at org.apache.catalina.session.StandardSession.readObjectData(StandardSession.java:846)
		at org.apache.catalina.session.FileStore.load(FileStore.java:203)
		at org.apache.catalina.session.PersistentManagerBase.loadSessionFromStore(PersistentManagerBase.java:723)
		at org.apache.catalina.session.PersistentManagerBase.swapIn(PersistentManagerBase.java:672)
		at org.apache.catalina.session.PersistentManagerBase.findSession(PersistentManagerBase.java:467)
		at org.apache.catalina.connector.Request.doGetSession(Request.java:2723)
		at org.apache.catalina.connector.Request.getSessionInternal(Request.java:2468)
		at org.apache.catalina.authenticator.AuthenticatorBase.invoke(AuthenticatorBase.java:452)
		at org.apache.catalina.core.StandardHostValve.invoke(StandardHostValve.java:130)
		at org.apache.catalina.valves.ErrorReportValve.invoke(ErrorReportValve.java:93)
		at org.apache.catalina.valves.AbstractAccessLogValve.invoke(AbstractAccessLogValve.java:660)
		at org.apache.catalina.core.StandardEngineValve.invoke(StandardEngineValve.java:74)
		at org.apache.catalina.connector.CoyoteAdapter.service(CoyoteAdapter.java:346)
		at org.apache.coyote.http11.Http11Processor.service(Http11Processor.java:396)
		at org.apache.coyote.AbstractProcessorLight.process(AbstractProcessorLight.java:63)
		at org.apache.coyote.AbstractProtocol$ConnectionHandler.process(AbstractProtocol.java:937)
		at org.apache.tomcat.util.net.NioEndpoint$SocketProcessor.doRun(NioEndpoint.java:1791)
		at org.apache.tomcat.util.net.SocketProcessorBase.run(SocketProcessorBase.java:52)
		at org.apache.tomcat.util.threads.ThreadPoolExecutor.runWorker(ThreadPoolExecutor.java:1190)
		at org.apache.tomcat.util.threads.ThreadPoolExecutor$Worker.run(ThreadPoolExecutor.java:659)
		at org.apache.tomcat.util.threads.TaskThread$WrappingRunnable.run(TaskThread.java:63)
		at java.lang.Thread.run(Thread.java:750)
09-Apr-2025 14:14:04.883 严重 [http-nio-8081-exec-3] org.apache.catalina.core.StandardHostValve.invoke Exception Processing [/]
	java.lang.NullPointerException
		at sun.reflect.annotation.AnnotationInvocationHandler.readObject(AnnotationInvocationHandler.java:452)
		at sun.reflect.NativeMethodAccessorImpl.invoke0(Native Method)
		at sun.reflect.NativeMethodAccessorImpl.invoke(NativeMethodAccessorImpl.java:62)
		at sun.reflect.DelegatingMethodAccessorImpl.invoke(DelegatingMethodAccessorImpl.java:43)
		at java.lang.reflect.Method.invoke(Method.java:498)
		at java.io.ObjectStreamClass.invokeReadObject(ObjectStreamClass.java:1184)
		at java.io.ObjectInputStream.readSerialData(ObjectInputStream.java:2322)
		at java.io.ObjectInputStream.readOrdinaryObject(ObjectInputStream.java:2213)
		at java.io.ObjectInputStream.readObject0(ObjectInputStream.java:1669)
		at java.io.ObjectInputStream.readObject(ObjectInputStream.java:503)
		at java.io.ObjectInputStream.readObject(ObjectInputStream.java:461)
		at org.apache.catalina.session.StandardSession.doReadObject(StandardSession.java:1199)
		at org.apache.catalina.session.StandardSession.readObjectData(StandardSession.java:846)
		at org.apache.catalina.session.FileStore.load(FileStore.java:203)
		at org.apache.catalina.session.PersistentManagerBase.loadSessionFromStore(PersistentManagerBase.java:723)
		at org.apache.catalina.session.PersistentManagerBase.swapIn(PersistentManagerBase.java:672)
		at org.apache.catalina.session.PersistentManagerBase.findSession(PersistentManagerBase.java:467)
		at org.apache.catalina.connector.Request.doGetSession(Request.java:2723)
		at org.apache.catalina.connector.Request.getSessionInternal(Request.java:2468)
		at org.apache.catalina.authenticator.AuthenticatorBase.invoke(AuthenticatorBase.java:452)
		at org.apache.catalina.core.StandardHostValve.invoke(StandardHostValve.java:130)
		at org.apache.catalina.valves.ErrorReportValve.invoke(ErrorReportValve.java:93)
		at org.apache.catalina.valves.AbstractAccessLogValve.invoke(AbstractAccessLogValve.java:660)
		at org.apache.catalina.core.StandardEngineValve.invoke(StandardEngineValve.java:74)
		at org.apache.catalina.connector.CoyoteAdapter.service(CoyoteAdapter.java:346)
		at org.apache.coyote.http11.Http11Processor.service(Http11Processor.java:396)
		at org.apache.coyote.AbstractProcessorLight.process(AbstractProcessorLight.java:63)
		at org.apache.coyote.AbstractProtocol$ConnectionHandler.process(AbstractProtocol.java:937)
		at org.apache.tomcat.util.net.NioEndpoint$SocketProcessor.doRun(NioEndpoint.java:1791)
		at org.apache.tomcat.util.net.SocketProcessorBase.run(SocketProcessorBase.java:52)
		at org.apache.tomcat.util.threads.ThreadPoolExecutor.runWorker(ThreadPoolExecutor.java:1190)
		at org.apache.tomcat.util.threads.ThreadPoolExecutor$Worker.run(ThreadPoolExecutor.java:659)
		at org.apache.tomcat.util.threads.TaskThread$WrappingRunnable.run(TaskThread.java:63)
		at java.lang.Thread.run(Thread.java:750)
09-Apr-2025 14:14:06.560 严重 [http-nio-8081-exec-6] org.apache.catalina.core.StandardHostValve.invoke Exception Processing [/]
	java.lang.NullPointerException
		at sun.reflect.annotation.AnnotationInvocationHandler.readObject(AnnotationInvocationHandler.java:452)
		at sun.reflect.NativeMethodAccessorImpl.invoke0(Native Method)
		at sun.reflect.NativeMethodAccessorImpl.invoke(NativeMethodAccessorImpl.java:62)
		at sun.reflect.DelegatingMethodAccessorImpl.invoke(DelegatingMethodAccessorImpl.java:43)
		at java.lang.reflect.Method.invoke(Method.java:498)
		at java.io.ObjectStreamClass.invokeReadObject(ObjectStreamClass.java:1184)
		at java.io.ObjectInputStream.readSerialData(ObjectInputStream.java:2322)
		at java.io.ObjectInputStream.readOrdinaryObject(ObjectInputStream.java:2213)
		at java.io.ObjectInputStream.readObject0(ObjectInputStream.java:1669)
		at java.io.ObjectInputStream.readObject(ObjectInputStream.java:503)
		at java.io.ObjectInputStream.readObject(ObjectInputStream.java:461)
		at org.apache.catalina.session.StandardSession.doReadObject(StandardSession.java:1199)
		at org.apache.catalina.session.StandardSession.readObjectData(StandardSession.java:846)
		at org.apache.catalina.session.FileStore.load(FileStore.java:203)
		at org.apache.catalina.session.PersistentManagerBase.loadSessionFromStore(PersistentManagerBase.java:723)
		at org.apache.catalina.session.PersistentManagerBase.swapIn(PersistentManagerBase.java:672)
		at org.apache.catalina.session.PersistentManagerBase.findSession(PersistentManagerBase.java:467)
		at org.apache.catalina.connector.Request.doGetSession(Request.java:2723)
		at org.apache.catalina.connector.Request.getSessionInternal(Request.java:2468)
		at org.apache.catalina.authenticator.AuthenticatorBase.invoke(AuthenticatorBase.java:452)
		at org.apache.catalina.core.StandardHostValve.invoke(StandardHostValve.java:130)
		at org.apache.catalina.valves.ErrorReportValve.invoke(ErrorReportValve.java:93)
		at org.apache.catalina.valves.AbstractAccessLogValve.invoke(AbstractAccessLogValve.java:660)
		at org.apache.catalina.core.StandardEngineValve.invoke(StandardEngineValve.java:74)
		at org.apache.catalina.connector.CoyoteAdapter.service(CoyoteAdapter.java:346)
		at org.apache.coyote.http11.Http11Processor.service(Http11Processor.java:396)
		at org.apache.coyote.AbstractProcessorLight.process(AbstractProcessorLight.java:63)
		at org.apache.coyote.AbstractProtocol$ConnectionHandler.process(AbstractProtocol.java:937)
		at org.apache.tomcat.util.net.NioEndpoint$SocketProcessor.doRun(NioEndpoint.java:1791)
		at org.apache.tomcat.util.net.SocketProcessorBase.run(SocketProcessorBase.java:52)
		at org.apache.tomcat.util.threads.ThreadPoolExecutor.runWorker(ThreadPoolExecutor.java:1190)
		at org.apache.tomcat.util.threads.ThreadPoolExecutor$Worker.run(ThreadPoolExecutor.java:659)
		at org.apache.tomcat.util.threads.TaskThread$WrappingRunnable.run(TaskThread.java:63)
		at java.lang.Thread.run(Thread.java:750)
09-Apr-2025 14:14:11.683 严重 [Catalina-utility-1] org.apache.catalina.session.StoreBase.processExpires Error processing session expiration for key [ec3o]
	java.lang.NullPointerException
		at sun.reflect.annotation.AnnotationInvocationHandler.readObject(AnnotationInvocationHandler.java:452)
		at sun.reflect.NativeMethodAccessorImpl.invoke0(Native Method)
		at sun.reflect.NativeMethodAccessorImpl.invoke(NativeMethodAccessorImpl.java:62)
		at sun.reflect.DelegatingMethodAccessorImpl.invoke(DelegatingMethodAccessorImpl.java:43)
		at java.lang.reflect.Method.invoke(Method.java:498)
		at java.io.ObjectStreamClass.invokeReadObject(ObjectStreamClass.java:1184)
		at java.io.ObjectInputStream.readSerialData(ObjectInputStream.java:2322)
		at java.io.ObjectInputStream.readOrdinaryObject(ObjectInputStream.java:2213)
		at java.io.ObjectInputStream.readObject0(ObjectInputStream.java:1669)
		at java.io.ObjectInputStream.readObject(ObjectInputStream.java:503)
		at java.io.ObjectInputStream.readObject(ObjectInputStream.java:461)
		at org.apache.catalina.session.StandardSession.doReadObject(StandardSession.java:1199)
		at org.apache.catalina.session.StandardSession.readObjectData(StandardSession.java:846)
		at org.apache.catalina.session.FileStore.load(FileStore.java:203)
		at org.apache.catalina.session.StoreBase.processExpires(StoreBase.java:138)
		at org.apache.catalina.session.PersistentManagerBase.processExpires(PersistentManagerBase.java:409)
		at org.apache.catalina.session.ManagerBase.backgroundProcess(ManagerBase.java:595)
		at org.apache.catalina.core.StandardContext.backgroundProcess(StandardContext.java:4823)
		at org.apache.catalina.core.ContainerBase$ContainerBackgroundProcessor.processChildren(ContainerBase.java:1172)
		at org.apache.catalina.core.ContainerBase$ContainerBackgroundProcessor.processChildren(ContainerBase.java:1176)
		at org.apache.catalina.core.ContainerBase$ContainerBackgroundProcessor.processChildren(ContainerBase.java:1176)
		at org.apache.catalina.core.ContainerBase$ContainerBackgroundProcessor.run(ContainerBase.java:1154)
		at java.util.concurrent.Executors$RunnableAdapter.call(Executors.java:511)
		at java.util.concurrent.FutureTask.runAndReset(FutureTask.java:308)
		at java.util.concurrent.ScheduledThreadPoolExecutor$ScheduledFutureTask.access$301(ScheduledThreadPoolExecutor.java:180)
		at java.util.concurrent.ScheduledThreadPoolExecutor$ScheduledFutureTask.run(ScheduledThreadPoolExecutor.java:294)
		at java.util.concurrent.ThreadPoolExecutor.runWorker(ThreadPoolExecutor.java:1149)
		at java.util.concurrent.ThreadPoolExecutor$Worker.run(ThreadPoolExecutor.java:624)
		at org.apache.tomcat.util.threads.TaskThread$WrappingRunnable.run(TaskThread.java:63)
		at java.lang.Thread.run(Thread.java:750)
09-Apr-2025 14:14:19.126 严重 [http-nio-8081-exec-5] org.apache.catalina.core.StandardHostValve.invoke Exception Processing [/]
	java.lang.NullPointerException
		at sun.reflect.annotation.AnnotationInvocationHandler.readObject(AnnotationInvocationHandler.java:452)
		at sun.reflect.NativeMethodAccessorImpl.invoke0(Native Method)
		at sun.reflect.NativeMethodAccessorImpl.invoke(NativeMethodAccessorImpl.java:62)
		at sun.reflect.DelegatingMethodAccessorImpl.invoke(DelegatingMethodAccessorImpl.java:43)
		at java.lang.reflect.Method.invoke(Method.java:498)
		at java.io.ObjectStreamClass.invokeReadObject(ObjectStreamClass.java:1184)
		at java.io.ObjectInputStream.readSerialData(ObjectInputStream.java:2322)
		at java.io.ObjectInputStream.readOrdinaryObject(ObjectInputStream.java:2213)
		at java.io.ObjectInputStream.readObject0(ObjectInputStream.java:1669)
		at java.io.ObjectInputStream.readObject(ObjectInputStream.java:503)
		at java.io.ObjectInputStream.readObject(ObjectInputStream.java:461)
		at org.apache.catalina.session.StandardSession.doReadObject(StandardSession.java:1199)
		at org.apache.catalina.session.StandardSession.readObjectData(StandardSession.java:846)
		at org.apache.catalina.session.FileStore.load(FileStore.java:203)
		at org.apache.catalina.session.PersistentManagerBase.loadSessionFromStore(PersistentManagerBase.java:723)
		at org.apache.catalina.session.PersistentManagerBase.swapIn(PersistentManagerBase.java:672)
		at org.apache.catalina.session.PersistentManagerBase.findSession(PersistentManagerBase.java:467)
		at org.apache.catalina.connector.Request.doGetSession(Request.java:2723)
		at org.apache.catalina.connector.Request.getSessionInternal(Request.java:2468)
		at org.apache.catalina.authenticator.AuthenticatorBase.invoke(AuthenticatorBase.java:452)
		at org.apache.catalina.core.StandardHostValve.invoke(StandardHostValve.java:130)
		at org.apache.catalina.valves.ErrorReportValve.invoke(ErrorReportValve.java:93)
		at org.apache.catalina.valves.AbstractAccessLogValve.invoke(AbstractAccessLogValve.java:660)
		at org.apache.catalina.core.StandardEngineValve.invoke(StandardEngineValve.java:74)
		at org.apache.catalina.connector.CoyoteAdapter.service(CoyoteAdapter.java:346)
		at org.apache.coyote.http11.Http11Processor.service(Http11Processor.java:396)
		at org.apache.coyote.AbstractProcessorLight.process(AbstractProcessorLight.java:63)
		at org.apache.coyote.AbstractProtocol$ConnectionHandler.process(AbstractProtocol.java:937)
		at org.apache.tomcat.util.net.NioEndpoint$SocketProcessor.doRun(NioEndpoint.java:1791)
		at org.apache.tomcat.util.net.SocketProcessorBase.run(SocketProcessorBase.java:52)
		at org.apache.tomcat.util.threads.ThreadPoolExecutor.runWorker(ThreadPoolExecutor.java:1190)
		at org.apache.tomcat.util.threads.ThreadPoolExecutor$Worker.run(ThreadPoolExecutor.java:659)
		at org.apache.tomcat.util.threads.TaskThread$WrappingRunnable.run(TaskThread.java:63)
		at java.lang.Thread.run(Thread.java:750)
09-Apr-2025 14:15:11.705 严重 [Catalina-utility-2] org.apache.catalina.session.StoreBase.processExpires Error processing session expiration for key [ec3o]
	java.lang.NullPointerException
		at sun.reflect.annotation.AnnotationInvocationHandler.readObject(AnnotationInvocationHandler.java:452)
		at sun.reflect.NativeMethodAccessorImpl.invoke0(Native Method)
		at sun.reflect.NativeMethodAccessorImpl.invoke(NativeMethodAccessorImpl.java:62)
		at sun.reflect.DelegatingMethodAccessorImpl.invoke(DelegatingMethodAccessorImpl.java:43)
		at java.lang.reflect.Method.invoke(Method.java:498)
		at java.io.ObjectStreamClass.invokeReadObject(ObjectStreamClass.java:1184)
		at java.io.ObjectInputStream.readSerialData(ObjectInputStream.java:2322)
		at java.io.ObjectInputStream.readOrdinaryObject(ObjectInputStream.java:2213)
		at java.io.ObjectInputStream.readObject0(ObjectInputStream.java:1669)
		at java.io.ObjectInputStream.readObject(ObjectInputStream.java:503)
		at java.io.ObjectInputStream.readObject(ObjectInputStream.java:461)
		at org.apache.catalina.session.StandardSession.doReadObject(StandardSession.java:1199)
		at org.apache.catalina.session.StandardSession.readObjectData(StandardSession.java:846)
		at org.apache.catalina.session.FileStore.load(FileStore.java:203)
		at org.apache.catalina.session.StoreBase.processExpires(StoreBase.java:138)
		at org.apache.catalina.session.PersistentManagerBase.processExpires(PersistentManagerBase.java:409)
		at org.apache.catalina.session.ManagerBase.backgroundProcess(ManagerBase.java:595)
		at org.apache.catalina.core.StandardContext.backgroundProcess(StandardContext.java:4823)
		at org.apache.catalina.core.ContainerBase$ContainerBackgroundProcessor.processChildren(ContainerBase.java:1172)
		at org.apache.catalina.core.ContainerBase$ContainerBackgroundProcessor.processChildren(ContainerBase.java:1176)
		at org.apache.catalina.core.ContainerBase$ContainerBackgroundProcessor.processChildren(ContainerBase.java:1176)
		at org.apache.catalina.core.ContainerBase$ContainerBackgroundProcessor.run(ContainerBase.java:1154)
		at java.util.concurrent.Executors$RunnableAdapter.call(Executors.java:511)
		at java.util.concurrent.FutureTask.runAndReset(FutureTask.java:308)
		at java.util.concurrent.ScheduledThreadPoolExecutor$ScheduledFutureTask.access$301(ScheduledThreadPoolExecutor.java:180)
		at java.util.concurrent.ScheduledThreadPoolExecutor$ScheduledFutureTask.run(ScheduledThreadPoolExecutor.java:294)
		at java.util.concurrent.ThreadPoolExecutor.runWorker(ThreadPoolExecutor.java:1149)
		at java.util.concurrent.ThreadPoolExecutor$Worker.run(ThreadPoolExecutor.java:624)
		at org.apache.tomcat.util.threads.TaskThread$WrappingRunnable.run(TaskThread.java:63)
		at java.lang.Thread.run(Thread.java:750)
09-Apr-2025 14:21:30.087 信息 [main] org.apache.catalina.core.ApplicationContext.log SessionListener: contextDestroyed()
09-Apr-2025 14:21:30.088 信息 [main] org.apache.catalina.core.ApplicationContext.log ContextListener: contextDestroyed()
09-Apr-2025 14:21:51.959 信息 [main] org.apache.catalina.core.ApplicationContext.log ContextListener: contextInitialized()
09-Apr-2025 14:21:51.959 信息 [main] org.apache.catalina.core.ApplicationContext.log SessionListener: contextInitialized()
09-Apr-2025 14:21:51.961 信息 [main] org.apache.catalina.core.ApplicationContext.log ContextListener: attributeAdded('StockTicker', 'async.Stockticker@186cb891')
09-Apr-2025 14:27:50.821 严重 [http-nio-8081-exec-2] org.apache.catalina.core.StandardHostValve.invoke Exception Processing [/]
	java.lang.ClassCastException: java.lang.UNIXProcess cannot be cast to java.util.Set
		at com.sun.proxy.$Proxy8.entrySet(Unknown Source)
		at sun.reflect.annotation.AnnotationInvocationHandler.readObject(AnnotationInvocationHandler.java:452)
		at sun.reflect.NativeMethodAccessorImpl.invoke0(Native Method)
		at sun.reflect.NativeMethodAccessorImpl.invoke(NativeMethodAccessorImpl.java:62)
		at sun.reflect.DelegatingMethodAccessorImpl.invoke(DelegatingMethodAccessorImpl.java:43)
		at java.lang.reflect.Method.invoke(Method.java:498)
		at java.io.ObjectStreamClass.invokeReadObject(ObjectStreamClass.java:1184)
		at java.io.ObjectInputStream.readSerialData(ObjectInputStream.java:2322)
		at java.io.ObjectInputStream.readOrdinaryObject(ObjectInputStream.java:2213)
		at java.io.ObjectInputStream.readObject0(ObjectInputStream.java:1669)
		at java.io.ObjectInputStream.readObject(ObjectInputStream.java:503)
		at java.io.ObjectInputStream.readObject(ObjectInputStream.java:461)
		at org.apache.catalina.session.StandardSession.doReadObject(StandardSession.java:1199)
		at org.apache.catalina.session.StandardSession.readObjectData(StandardSession.java:846)
		at org.apache.catalina.session.FileStore.load(FileStore.java:203)
		at org.apache.catalina.session.PersistentManagerBase.loadSessionFromStore(PersistentManagerBase.java:723)
		at org.apache.catalina.session.PersistentManagerBase.swapIn(PersistentManagerBase.java:672)
		at org.apache.catalina.session.PersistentManagerBase.findSession(PersistentManagerBase.java:467)
		at org.apache.catalina.connector.Request.doGetSession(Request.java:2723)
		at org.apache.catalina.connector.Request.getSessionInternal(Request.java:2468)
		at org.apache.catalina.authenticator.AuthenticatorBase.invoke(AuthenticatorBase.java:452)
		at org.apache.catalina.core.StandardHostValve.invoke(StandardHostValve.java:130)
		at org.apache.catalina.valves.ErrorReportValve.invoke(ErrorReportValve.java:93)
		at org.apache.catalina.valves.AbstractAccessLogValve.invoke(AbstractAccessLogValve.java:660)
		at org.apache.catalina.core.StandardEngineValve.invoke(StandardEngineValve.java:74)
		at org.apache.catalina.connector.CoyoteAdapter.service(CoyoteAdapter.java:346)
		at org.apache.coyote.http11.Http11Processor.service(Http11Processor.java:396)
		at org.apache.coyote.AbstractProcessorLight.process(AbstractProcessorLight.java:63)
		at org.apache.coyote.AbstractProtocol$ConnectionHandler.process(AbstractProtocol.java:937)
		at org.apache.tomcat.util.net.NioEndpoint$SocketProcessor.doRun(NioEndpoint.java:1791)
		at org.apache.tomcat.util.net.SocketProcessorBase.run(SocketProcessorBase.java:52)
		at org.apache.tomcat.util.threads.ThreadPoolExecutor.runWorker(ThreadPoolExecutor.java:1190)
		at org.apache.tomcat.util.threads.ThreadPoolExecutor$Worker.run(ThreadPoolExecutor.java:659)
		at org.apache.tomcat.util.threads.TaskThread$WrappingRunnable.run(TaskThread.java:63)
		at java.lang.Thread.run(Thread.java:750)
09-Apr-2025 14:27:53.116 严重 [Catalina-utility-2] org.apache.catalina.session.StoreBase.processExpires Error processing session expiration for key [test]
	java.lang.ClassCastException: java.lang.UNIXProcess cannot be cast to java.util.Set
		at com.sun.proxy.$Proxy8.entrySet(Unknown Source)
		at sun.reflect.annotation.AnnotationInvocationHandler.readObject(AnnotationInvocationHandler.java:452)
		at sun.reflect.NativeMethodAccessorImpl.invoke0(Native Method)
		at sun.reflect.NativeMethodAccessorImpl.invoke(NativeMethodAccessorImpl.java:62)
		at sun.reflect.DelegatingMethodAccessorImpl.invoke(DelegatingMethodAccessorImpl.java:43)
		at java.lang.reflect.Method.invoke(Method.java:498)
		at java.io.ObjectStreamClass.invokeReadObject(ObjectStreamClass.java:1184)
		at java.io.ObjectInputStream.readSerialData(ObjectInputStream.java:2322)
		at java.io.ObjectInputStream.readOrdinaryObject(ObjectInputStream.java:2213)
		at java.io.ObjectInputStream.readObject0(ObjectInputStream.java:1669)
		at java.io.ObjectInputStream.readObject(ObjectInputStream.java:503)
		at java.io.ObjectInputStream.readObject(ObjectInputStream.java:461)
		at org.apache.catalina.session.StandardSession.doReadObject(StandardSession.java:1199)
		at org.apache.catalina.session.StandardSession.readObjectData(StandardSession.java:846)
		at org.apache.catalina.session.FileStore.load(FileStore.java:203)
		at org.apache.catalina.session.StoreBase.processExpires(StoreBase.java:138)
		at org.apache.catalina.session.PersistentManagerBase.processExpires(PersistentManagerBase.java:409)
		at org.apache.catalina.session.ManagerBase.backgroundProcess(ManagerBase.java:595)
		at org.apache.catalina.core.StandardContext.backgroundProcess(StandardContext.java:4823)
		at org.apache.catalina.core.ContainerBase$ContainerBackgroundProcessor.processChildren(ContainerBase.java:1172)
		at org.apache.catalina.core.ContainerBase$ContainerBackgroundProcessor.processChildren(ContainerBase.java:1176)
		at org.apache.catalina.core.ContainerBase$ContainerBackgroundProcessor.processChildren(ContainerBase.java:1176)
		at org.apache.catalina.core.ContainerBase$ContainerBackgroundProcessor.run(ContainerBase.java:1154)
		at java.util.concurrent.Executors$RunnableAdapter.call(Executors.java:511)
		at java.util.concurrent.FutureTask.runAndReset(FutureTask.java:308)
		at java.util.concurrent.ScheduledThreadPoolExecutor$ScheduledFutureTask.access$301(ScheduledThreadPoolExecutor.java:180)
		at java.util.concurrent.ScheduledThreadPoolExecutor$ScheduledFutureTask.run(ScheduledThreadPoolExecutor.java:294)
		at java.util.concurrent.ThreadPoolExecutor.runWorker(ThreadPoolExecutor.java:1149)
		at java.util.concurrent.ThreadPoolExecutor$Worker.run(ThreadPoolExecutor.java:624)
		at org.apache.tomcat.util.threads.TaskThread$WrappingRunnable.run(TaskThread.java:63)
		at java.lang.Thread.run(Thread.java:750)
09-Apr-2025 14:28:17.369 严重 [http-nio-8081-exec-4] org.apache.catalina.core.StandardHostValve.invoke Exception Processing [/]
	java.lang.ClassCastException: java.lang.UNIXProcess cannot be cast to java.util.Set
		at com.sun.proxy.$Proxy8.entrySet(Unknown Source)
		at sun.reflect.annotation.AnnotationInvocationHandler.readObject(AnnotationInvocationHandler.java:452)
		at sun.reflect.NativeMethodAccessorImpl.invoke0(Native Method)
		at sun.reflect.NativeMethodAccessorImpl.invoke(NativeMethodAccessorImpl.java:62)
		at sun.reflect.DelegatingMethodAccessorImpl.invoke(DelegatingMethodAccessorImpl.java:43)
		at java.lang.reflect.Method.invoke(Method.java:498)
		at java.io.ObjectStreamClass.invokeReadObject(ObjectStreamClass.java:1184)
		at java.io.ObjectInputStream.readSerialData(ObjectInputStream.java:2322)
		at java.io.ObjectInputStream.readOrdinaryObject(ObjectInputStream.java:2213)
		at java.io.ObjectInputStream.readObject0(ObjectInputStream.java:1669)
		at java.io.ObjectInputStream.readObject(ObjectInputStream.java:503)
		at java.io.ObjectInputStream.readObject(ObjectInputStream.java:461)
		at org.apache.catalina.session.StandardSession.doReadObject(StandardSession.java:1199)
		at org.apache.catalina.session.StandardSession.readObjectData(StandardSession.java:846)
		at org.apache.catalina.session.FileStore.load(FileStore.java:203)
		at org.apache.catalina.session.PersistentManagerBase.loadSessionFromStore(PersistentManagerBase.java:723)
		at org.apache.catalina.session.PersistentManagerBase.swapIn(PersistentManagerBase.java:672)
		at org.apache.catalina.session.PersistentManagerBase.findSession(PersistentManagerBase.java:467)
		at org.apache.catalina.connector.Request.doGetSession(Request.java:2723)
		at org.apache.catalina.connector.Request.getSessionInternal(Request.java:2468)
		at org.apache.catalina.authenticator.AuthenticatorBase.invoke(AuthenticatorBase.java:452)
		at org.apache.catalina.core.StandardHostValve.invoke(StandardHostValve.java:130)
		at org.apache.catalina.valves.ErrorReportValve.invoke(ErrorReportValve.java:93)
		at org.apache.catalina.valves.AbstractAccessLogValve.invoke(AbstractAccessLogValve.java:660)
		at org.apache.catalina.core.StandardEngineValve.invoke(StandardEngineValve.java:74)
		at org.apache.catalina.connector.CoyoteAdapter.service(CoyoteAdapter.java:346)
		at org.apache.coyote.http11.Http11Processor.service(Http11Processor.java:396)
		at org.apache.coyote.AbstractProcessorLight.process(AbstractProcessorLight.java:63)
		at org.apache.coyote.AbstractProtocol$ConnectionHandler.process(AbstractProtocol.java:937)
		at org.apache.tomcat.util.net.NioEndpoint$SocketProcessor.doRun(NioEndpoint.java:1791)
		at org.apache.tomcat.util.net.SocketProcessorBase.run(SocketProcessorBase.java:52)
		at org.apache.tomcat.util.threads.ThreadPoolExecutor.runWorker(ThreadPoolExecutor.java:1190)
		at org.apache.tomcat.util.threads.ThreadPoolExecutor$Worker.run(ThreadPoolExecutor.java:659)
		at org.apache.tomcat.util.threads.TaskThread$WrappingRunnable.run(TaskThread.java:63)
		at java.lang.Thread.run(Thread.java:750)
09-Apr-2025 14:28:26.090 严重 [http-nio-8081-exec-5] org.apache.catalina.core.StandardHostValve.invoke Exception Processing [/]
	java.lang.ClassCastException: java.lang.UNIXProcess cannot be cast to java.util.Set
		at com.sun.proxy.$Proxy8.entrySet(Unknown Source)
		at sun.reflect.annotation.AnnotationInvocationHandler.readObject(AnnotationInvocationHandler.java:452)
		at sun.reflect.NativeMethodAccessorImpl.invoke0(Native Method)
		at sun.reflect.NativeMethodAccessorImpl.invoke(NativeMethodAccessorImpl.java:62)
		at sun.reflect.DelegatingMethodAccessorImpl.invoke(DelegatingMethodAccessorImpl.java:43)
		at java.lang.reflect.Method.invoke(Method.java:498)
		at java.io.ObjectStreamClass.invokeReadObject(ObjectStreamClass.java:1184)
		at java.io.ObjectInputStream.readSerialData(ObjectInputStream.java:2322)
		at java.io.ObjectInputStream.readOrdinaryObject(ObjectInputStream.java:2213)
		at java.io.ObjectInputStream.readObject0(ObjectInputStream.java:1669)
		at java.io.ObjectInputStream.readObject(ObjectInputStream.java:503)
		at java.io.ObjectInputStream.readObject(ObjectInputStream.java:461)
		at org.apache.catalina.session.StandardSession.doReadObject(StandardSession.java:1199)
		at org.apache.catalina.session.StandardSession.readObjectData(StandardSession.java:846)
		at org.apache.catalina.session.FileStore.load(FileStore.java:203)
		at org.apache.catalina.session.PersistentManagerBase.loadSessionFromStore(PersistentManagerBase.java:723)
		at org.apache.catalina.session.PersistentManagerBase.swapIn(PersistentManagerBase.java:672)
		at org.apache.catalina.session.PersistentManagerBase.findSession(PersistentManagerBase.java:467)
		at org.apache.catalina.connector.Request.doGetSession(Request.java:2723)
		at org.apache.catalina.connector.Request.getSessionInternal(Request.java:2468)
		at org.apache.catalina.authenticator.AuthenticatorBase.invoke(AuthenticatorBase.java:452)
		at org.apache.catalina.core.StandardHostValve.invoke(StandardHostValve.java:130)
		at org.apache.catalina.valves.ErrorReportValve.invoke(ErrorReportValve.java:93)
		at org.apache.catalina.valves.AbstractAccessLogValve.invoke(AbstractAccessLogValve.java:660)
		at org.apache.catalina.core.StandardEngineValve.invoke(StandardEngineValve.java:74)
		at org.apache.catalina.connector.CoyoteAdapter.service(CoyoteAdapter.java:346)
		at org.apache.coyote.http11.Http11Processor.service(Http11Processor.java:396)
		at org.apache.coyote.AbstractProcessorLight.process(AbstractProcessorLight.java:63)
		at org.apache.coyote.AbstractProtocol$ConnectionHandler.process(AbstractProtocol.java:937)
		at org.apache.tomcat.util.net.NioEndpoint$SocketProcessor.doRun(NioEndpoint.java:1791)
		at org.apache.tomcat.util.net.SocketProcessorBase.run(SocketProcessorBase.java:52)
		at org.apache.tomcat.util.threads.ThreadPoolExecutor.runWorker(ThreadPoolExecutor.java:1190)
		at org.apache.tomcat.util.threads.ThreadPoolExecutor$Worker.run(ThreadPoolExecutor.java:659)
		at org.apache.tomcat.util.threads.TaskThread$WrappingRunnable.run(TaskThread.java:63)
		at java.lang.Thread.run(Thread.java:750)
09-Apr-2025 14:28:53.143 严重 [Catalina-utility-1] org.apache.catalina.session.StoreBase.processExpires Error processing session expiration for key [test]
	java.lang.ClassCastException: java.lang.UNIXProcess cannot be cast to java.util.Set
		at com.sun.proxy.$Proxy8.entrySet(Unknown Source)
		at sun.reflect.annotation.AnnotationInvocationHandler.readObject(AnnotationInvocationHandler.java:452)
		at sun.reflect.NativeMethodAccessorImpl.invoke0(Native Method)
		at sun.reflect.NativeMethodAccessorImpl.invoke(NativeMethodAccessorImpl.java:62)
		at sun.reflect.DelegatingMethodAccessorImpl.invoke(DelegatingMethodAccessorImpl.java:43)
		at java.lang.reflect.Method.invoke(Method.java:498)
		at java.io.ObjectStreamClass.invokeReadObject(ObjectStreamClass.java:1184)
		at java.io.ObjectInputStream.readSerialData(ObjectInputStream.java:2322)
		at java.io.ObjectInputStream.readOrdinaryObject(ObjectInputStream.java:2213)
		at java.io.ObjectInputStream.readObject0(ObjectInputStream.java:1669)
		at java.io.ObjectInputStream.readObject(ObjectInputStream.java:503)
		at java.io.ObjectInputStream.readObject(ObjectInputStream.java:461)
		at org.apache.catalina.session.StandardSession.doReadObject(StandardSession.java:1199)
		at org.apache.catalina.session.StandardSession.readObjectData(StandardSession.java:846)
		at org.apache.catalina.session.FileStore.load(FileStore.java:203)
		at org.apache.catalina.session.StoreBase.processExpires(StoreBase.java:138)
		at org.apache.catalina.session.PersistentManagerBase.processExpires(PersistentManagerBase.java:409)
		at org.apache.catalina.session.ManagerBase.backgroundProcess(ManagerBase.java:595)
		at org.apache.catalina.core.StandardContext.backgroundProcess(StandardContext.java:4823)
		at org.apache.catalina.core.ContainerBase$ContainerBackgroundProcessor.processChildren(ContainerBase.java:1172)
		at org.apache.catalina.core.ContainerBase$ContainerBackgroundProcessor.processChildren(ContainerBase.java:1176)
		at org.apache.catalina.core.ContainerBase$ContainerBackgroundProcessor.processChildren(ContainerBase.java:1176)
		at org.apache.catalina.core.ContainerBase$ContainerBackgroundProcessor.run(ContainerBase.java:1154)
		at java.util.concurrent.Executors$RunnableAdapter.call(Executors.java:511)
		at java.util.concurrent.FutureTask.runAndReset(FutureTask.java:308)
		at java.util.concurrent.ScheduledThreadPoolExecutor$ScheduledFutureTask.access$301(ScheduledThreadPoolExecutor.java:180)
		at java.util.concurrent.ScheduledThreadPoolExecutor$ScheduledFutureTask.run(ScheduledThreadPoolExecutor.java:294)
		at java.util.concurrent.ThreadPoolExecutor.runWorker(ThreadPoolExecutor.java:1149)
		at java.util.concurrent.ThreadPoolExecutor$Worker.run(ThreadPoolExecutor.java:624)
		at org.apache.tomcat.util.threads.TaskThread$WrappingRunnable.run(TaskThread.java:63)
		at java.lang.Thread.run(Thread.java:750)
09-Apr-2025 18:44:11.678 严重 [Catalina-utility-2] org.apache.catalina.session.StoreBase.processExpires Error processing session expiration for key [.tmp]
	java.lang.ClassCastException: java.lang.UNIXProcess cannot be cast to java.util.Set
		at com.sun.proxy.$Proxy8.entrySet(Unknown Source)
		at sun.reflect.annotation.AnnotationInvocationHandler.readObject(AnnotationInvocationHandler.java:452)
		at sun.reflect.NativeMethodAccessorImpl.invoke0(Native Method)
		at sun.reflect.NativeMethodAccessorImpl.invoke(NativeMethodAccessorImpl.java:62)
		at sun.reflect.DelegatingMethodAccessorImpl.invoke(DelegatingMethodAccessorImpl.java:43)
		at java.lang.reflect.Method.invoke(Method.java:498)
		at java.io.ObjectStreamClass.invokeReadObject(ObjectStreamClass.java:1184)
		at java.io.ObjectInputStream.readSerialData(ObjectInputStream.java:2322)
		at java.io.ObjectInputStream.readOrdinaryObject(ObjectInputStream.java:2213)
		at java.io.ObjectInputStream.readObject0(ObjectInputStream.java:1669)
		at java.io.ObjectInputStream.readObject(ObjectInputStream.java:503)
		at java.io.ObjectInputStream.readObject(ObjectInputStream.java:461)
		at org.apache.catalina.session.StandardSession.doReadObject(StandardSession.java:1199)
		at org.apache.catalina.session.StandardSession.readObjectData(StandardSession.java:846)
		at org.apache.catalina.session.FileStore.load(FileStore.java:203)
		at org.apache.catalina.session.StoreBase.processExpires(StoreBase.java:138)
		at org.apache.catalina.session.PersistentManagerBase.processExpires(PersistentManagerBase.java:409)
		at org.apache.catalina.session.ManagerBase.backgroundProcess(ManagerBase.java:595)
		at org.apache.catalina.core.StandardContext.backgroundProcess(StandardContext.java:4823)
		at org.apache.catalina.core.ContainerBase$ContainerBackgroundProcessor.processChildren(ContainerBase.java:1172)
		at org.apache.catalina.core.ContainerBase$ContainerBackgroundProcessor.processChildren(ContainerBase.java:1176)
		at org.apache.catalina.core.ContainerBase$ContainerBackgroundProcessor.processChildren(ContainerBase.java:1176)
		at org.apache.catalina.core.ContainerBase$ContainerBackgroundProcessor.run(ContainerBase.java:1154)
		at java.util.concurrent.Executors$RunnableAdapter.call(Executors.java:511)
		at java.util.concurrent.FutureTask.runAndReset(FutureTask.java:308)
		at java.util.concurrent.ScheduledThreadPoolExecutor$ScheduledFutureTask.access$301(ScheduledThreadPoolExecutor.java:180)
		at java.util.concurrent.ScheduledThreadPoolExecutor$ScheduledFutureTask.run(ScheduledThreadPoolExecutor.java:294)
		at java.util.concurrent.ThreadPoolExecutor.runWorker(ThreadPoolExecutor.java:1149)
		at java.util.concurrent.ThreadPoolExecutor$Worker.run(ThreadPoolExecutor.java:624)
		at org.apache.tomcat.util.threads.TaskThread$WrappingRunnable.run(TaskThread.java:63)
		at java.lang.Thread.run(Thread.java:750)
09-Apr-2025 18:45:11.692 严重 [Catalina-utility-1] org.apache.catalina.session.StoreBase.processExpires Error processing session expiration for key [.tmp]
	java.lang.ClassCastException: java.lang.UNIXProcess cannot be cast to java.util.Set
		at com.sun.proxy.$Proxy8.entrySet(Unknown Source)
		at sun.reflect.annotation.AnnotationInvocationHandler.readObject(AnnotationInvocationHandler.java:452)
		at sun.reflect.NativeMethodAccessorImpl.invoke0(Native Method)
		at sun.reflect.NativeMethodAccessorImpl.invoke(NativeMethodAccessorImpl.java:62)
		at sun.reflect.DelegatingMethodAccessorImpl.invoke(DelegatingMethodAccessorImpl.java:43)
		at java.lang.reflect.Method.invoke(Method.java:498)
		at java.io.ObjectStreamClass.invokeReadObject(ObjectStreamClass.java:1184)
		at java.io.ObjectInputStream.readSerialData(ObjectInputStream.java:2322)
		at java.io.ObjectInputStream.readOrdinaryObject(ObjectInputStream.java:2213)
		at java.io.ObjectInputStream.readObject0(ObjectInputStream.java:1669)
		at java.io.ObjectInputStream.readObject(ObjectInputStream.java:503)
		at java.io.ObjectInputStream.readObject(ObjectInputStream.java:461)
		at org.apache.catalina.session.StandardSession.doReadObject(StandardSession.java:1199)
		at org.apache.catalina.session.StandardSession.readObjectData(StandardSession.java:846)
		at org.apache.catalina.session.FileStore.load(FileStore.java:203)
		at org.apache.catalina.session.StoreBase.processExpires(StoreBase.java:138)
		at org.apache.catalina.session.PersistentManagerBase.processExpires(PersistentManagerBase.java:409)
		at org.apache.catalina.session.ManagerBase.backgroundProcess(ManagerBase.java:595)
		at org.apache.catalina.core.StandardContext.backgroundProcess(StandardContext.java:4823)
		at org.apache.catalina.core.ContainerBase$ContainerBackgroundProcessor.processChildren(ContainerBase.java:1172)
		at org.apache.catalina.core.ContainerBase$ContainerBackgroundProcessor.processChildren(ContainerBase.java:1176)
		at org.apache.catalina.core.ContainerBase$ContainerBackgroundProcessor.processChildren(ContainerBase.java:1176)
		at org.apache.catalina.core.ContainerBase$ContainerBackgroundProcessor.run(ContainerBase.java:1154)
		at java.util.concurrent.Executors$RunnableAdapter.call(Executors.java:511)
		at java.util.concurrent.FutureTask.runAndReset(FutureTask.java:308)
		at java.util.concurrent.ScheduledThreadPoolExecutor$ScheduledFutureTask.access$301(ScheduledThreadPoolExecutor.java:180)
		at java.util.concurrent.ScheduledThreadPoolExecutor$ScheduledFutureTask.run(ScheduledThreadPoolExecutor.java:294)
		at java.util.concurrent.ThreadPoolExecutor.runWorker(ThreadPoolExecutor.java:1149)
		at java.util.concurrent.ThreadPoolExecutor$Worker.run(ThreadPoolExecutor.java:624)
		at org.apache.tomcat.util.threads.TaskThread$WrappingRunnable.run(TaskThread.java:63)
		at java.lang.Thread.run(Thread.java:750)
09-Apr-2025 18:46:11.711 严重 [Catalina-utility-2] org.apache.catalina.session.StoreBase.processExpires Error processing session expiration for key [.tmp]
	java.lang.ClassCastException: java.lang.UNIXProcess cannot be cast to java.util.Set
		at com.sun.proxy.$Proxy8.entrySet(Unknown Source)
		at sun.reflect.annotation.AnnotationInvocationHandler.readObject(AnnotationInvocationHandler.java:452)
		at sun.reflect.NativeMethodAccessorImpl.invoke0(Native Method)
		at sun.reflect.NativeMethodAccessorImpl.invoke(NativeMethodAccessorImpl.java:62)
		at sun.reflect.DelegatingMethodAccessorImpl.invoke(DelegatingMethodAccessorImpl.java:43)
		at java.lang.reflect.Method.invoke(Method.java:498)
		at java.io.ObjectStreamClass.invokeReadObject(ObjectStreamClass.java:1184)
		at java.io.ObjectInputStream.readSerialData(ObjectInputStream.java:2322)
		at java.io.ObjectInputStream.readOrdinaryObject(ObjectInputStream.java:2213)
		at java.io.ObjectInputStream.readObject0(ObjectInputStream.java:1669)
		at java.io.ObjectInputStream.readObject(ObjectInputStream.java:503)
		at java.io.ObjectInputStream.readObject(ObjectInputStream.java:461)
		at org.apache.catalina.session.StandardSession.doReadObject(StandardSession.java:1199)
		at org.apache.catalina.session.StandardSession.readObjectData(StandardSession.java:846)
		at org.apache.catalina.session.FileStore.load(FileStore.java:203)
		at org.apache.catalina.session.StoreBase.processExpires(StoreBase.java:138)
		at org.apache.catalina.session.PersistentManagerBase.processExpires(PersistentManagerBase.java:409)
		at org.apache.catalina.session.ManagerBase.backgroundProcess(ManagerBase.java:595)
		at org.apache.catalina.core.StandardContext.backgroundProcess(StandardContext.java:4823)
		at org.apache.catalina.core.ContainerBase$ContainerBackgroundProcessor.processChildren(ContainerBase.java:1172)
		at org.apache.catalina.core.ContainerBase$ContainerBackgroundProcessor.processChildren(ContainerBase.java:1176)
		at org.apache.catalina.core.ContainerBase$ContainerBackgroundProcessor.processChildren(ContainerBase.java:1176)
		at org.apache.catalina.core.ContainerBase$ContainerBackgroundProcessor.run(ContainerBase.java:1154)
		at java.util.concurrent.Executors$RunnableAdapter.call(Executors.java:511)
		at java.util.concurrent.FutureTask.runAndReset(FutureTask.java:308)
		at java.util.concurrent.ScheduledThreadPoolExecutor$ScheduledFutureTask.access$301(ScheduledThreadPoolExecutor.java:180)
		at java.util.concurrent.ScheduledThreadPoolExecutor$ScheduledFutureTask.run(ScheduledThreadPoolExecutor.java:294)
		at java.util.concurrent.ThreadPoolExecutor.runWorker(ThreadPoolExecutor.java:1149)
		at java.util.concurrent.ThreadPoolExecutor$Worker.run(ThreadPoolExecutor.java:624)
		at org.apache.tomcat.util.threads.TaskThread$WrappingRunnable.run(TaskThread.java:63)
		at java.lang.Thread.run(Thread.java:750)
09-Apr-2025 18:53:12.448 严重 [Catalina-utility-2] org.apache.catalina.session.StoreBase.processExpires Error processing session expiration for key [.tmp]
	java.lang.ClassCastException: java.lang.UNIXProcess cannot be cast to java.util.Set
		at com.sun.proxy.$Proxy8.entrySet(Unknown Source)
		at sun.reflect.annotation.AnnotationInvocationHandler.readObject(AnnotationInvocationHandler.java:452)
		at sun.reflect.NativeMethodAccessorImpl.invoke0(Native Method)
		at sun.reflect.NativeMethodAccessorImpl.invoke(NativeMethodAccessorImpl.java:62)
		at sun.reflect.DelegatingMethodAccessorImpl.invoke(DelegatingMethodAccessorImpl.java:43)
		at java.lang.reflect.Method.invoke(Method.java:498)
		at java.io.ObjectStreamClass.invokeReadObject(ObjectStreamClass.java:1184)
		at java.io.ObjectInputStream.readSerialData(ObjectInputStream.java:2322)
		at java.io.ObjectInputStream.readOrdinaryObject(ObjectInputStream.java:2213)
		at java.io.ObjectInputStream.readObject0(ObjectInputStream.java:1669)
		at java.io.ObjectInputStream.readObject(ObjectInputStream.java:503)
		at java.io.ObjectInputStream.readObject(ObjectInputStream.java:461)
		at org.apache.catalina.session.StandardSession.doReadObject(StandardSession.java:1199)
		at org.apache.catalina.session.StandardSession.readObjectData(StandardSession.java:846)
		at org.apache.catalina.session.FileStore.load(FileStore.java:203)
		at org.apache.catalina.session.StoreBase.processExpires(StoreBase.java:138)
		at org.apache.catalina.session.PersistentManagerBase.processExpires(PersistentManagerBase.java:409)
		at org.apache.catalina.session.ManagerBase.backgroundProcess(ManagerBase.java:595)
		at org.apache.catalina.core.StandardContext.backgroundProcess(StandardContext.java:4823)
		at org.apache.catalina.core.ContainerBase$ContainerBackgroundProcessor.processChildren(ContainerBase.java:1172)
		at org.apache.catalina.core.ContainerBase$ContainerBackgroundProcessor.processChildren(ContainerBase.java:1176)
		at org.apache.catalina.core.ContainerBase$ContainerBackgroundProcessor.processChildren(ContainerBase.java:1176)
		at org.apache.catalina.core.ContainerBase$ContainerBackgroundProcessor.run(ContainerBase.java:1154)
		at java.util.concurrent.Executors$RunnableAdapter.call(Executors.java:511)
		at java.util.concurrent.FutureTask.runAndReset(FutureTask.java:308)
		at java.util.concurrent.ScheduledThreadPoolExecutor$ScheduledFutureTask.access$301(ScheduledThreadPoolExecutor.java:180)
		at java.util.concurrent.ScheduledThreadPoolExecutor$ScheduledFutureTask.run(ScheduledThreadPoolExecutor.java:294)
		at java.util.concurrent.ThreadPoolExecutor.runWorker(ThreadPoolExecutor.java:1149)
		at java.util.concurrent.ThreadPoolExecutor$Worker.run(ThreadPoolExecutor.java:624)
		at org.apache.tomcat.util.threads.TaskThread$WrappingRunnable.run(TaskThread.java:63)
		at java.lang.Thread.run(Thread.java:750)
